<?xml version="1.0" encoding="UTF-8"?>
<testng-results skipped="0" failed="0" ignored="0" total="1" passed="1">
  <reporter-output>
  </reporter-output>
  <suite name="Default suite" duration-ms="21942" started-at="2019-11-08T12:43:25Z" finished-at="2019-11-08T12:43:47Z">
    <groups>
    </groups>
    <test name="Default test" duration-ms="21942" started-at="2019-11-08T12:43:25Z" finished-at="2019-11-08T12:43:47Z">
      <class name="com.training.sanity.tests.AdminReturnProductMediumTest">
        <test-method status="PASS" signature="setUp()[pri:0, instance:com.training.sanity.tests.AdminReturnProductMediumTest@77caeb3e]" name="setUp" is-config="true" duration-ms="17852" started-at="2019-11-08T12:43:25Z" finished-at="2019-11-08T12:43:43Z">
          <reporter-output>
          </reporter-output>
        </test-method> <!-- setUp -->
        <test-method status="PASS" signature="setUpBeforeClass()[pri:0, instance:com.training.sanity.tests.AdminReturnProductMediumTest@77caeb3e]" name="setUpBeforeClass" is-config="true" duration-ms="0" started-at="2019-11-08T12:43:25Z" finished-at="2019-11-08T12:43:25Z">
          <reporter-output>
          </reporter-output>
        </test-method> <!-- setUpBeforeClass -->
        <test-method status="PASS" signature="deletetest()[pri:3, instance:com.training.sanity.tests.AdminReturnProductMediumTest@77caeb3e]" name="deletetest" duration-ms="2395" started-at="2019-11-08T12:43:43Z" finished-at="2019-11-08T12:43:45Z">
          <reporter-output>
          </reporter-output>
        </test-method> <!-- deletetest -->
        <test-method status="PASS" signature="tearDown()[pri:0, instance:com.training.sanity.tests.AdminReturnProductMediumTest@77caeb3e]" name="tearDown" is-config="true" duration-ms="1684" started-at="2019-11-08T12:43:45Z" finished-at="2019-11-08T12:43:47Z">
          <reporter-output>
          </reporter-output>
        </test-method> <!-- tearDown -->
      </class> <!-- com.training.sanity.tests.AdminReturnProductMediumTest -->
    </test> <!-- Default test -->
  </suite> <!-- Default suite -->
</testng-results>
