<?xml version="1.0" encoding="UTF-8"?>
<!-- Generated by org.testng.reporters.JUnitXMLReporter -->
<testsuite hostname="DESKTOP-3V8PPB6" ignored="0" name="Default test" tests="2" failures="0" timestamp="06 Nov 2019 12:53:40 GMT" time="36.688" errors="0">
  <testcase name="clickonsalesTest" time="0.239" classname="com.training.sanity.tests.OrderRetailMediumTest"/>
  <testcase name="clickonOrdersTest" time="1.55" classname="com.training.sanity.tests.OrderRetailMediumTest"/>
</testsuite> <!-- Default test -->
